<?xml version="1.0" encoding="UTF-8"?>
<robot generator="Robot 6.0.2 (Python 3.9.13 on win32)" generated="20230206 16:58:58.407" rpa="false" schemaversion="3">
<suite id="s1" name="Menu" source="C:\robot_project\Starbucks_Automation\2_General_Menu\menu.robot">
<test id="s1-t1" name="TC1" line="12">
<kw name="Launch Browser And Navigate To Url" library="common_functionalities" type="SETUP">
<kw name="Open Browser" library="SeleniumLibrary">
<arg>browser=${BROWSER_NAME}</arg>
<doc>Opens a new browser instance to the optional ``url``.</doc>
<msg timestamp="20230206 16:58:58.686" level="INFO">Opening browser 'chrome' to base url 'None'.</msg>
<status status="PASS" starttime="20230206 16:58:58.686" endtime="20230206 16:59:00.389"/>
</kw>
<kw name="Maximize Browser Window" library="SeleniumLibrary">
<doc>Maximizes current browser window.</doc>
<status status="PASS" starttime="20230206 16:59:00.391" endtime="20230206 16:59:00.528"/>
</kw>
<kw name="Set Selenium Implicit Wait" library="SeleniumLibrary">
<arg>20s</arg>
<doc>Sets the implicit wait value used by Selenium.</doc>
<status status="PASS" starttime="20230206 16:59:00.529" endtime="20230206 16:59:00.531"/>
</kw>
<kw name="Go To" library="SeleniumLibrary">
<arg>${URL}</arg>
<doc>Navigates the current browser window to the provided ``url``.</doc>
<msg timestamp="20230206 16:59:00.532" level="INFO">Opening url 'https://www.starbucks.com/'</msg>
<status status="PASS" starttime="20230206 16:59:00.531" endtime="20230206 16:59:02.410"/>
</kw>
<status status="PASS" starttime="20230206 16:58:58.686" endtime="20230206 16:59:02.410"/>
</kw>
<kw name="Open Browser" library="SeleniumLibrary">
<arg>browser=chrome</arg>
<doc>Opens a new browser instance to the optional ``url``.</doc>
<msg timestamp="20230206 16:59:02.412" level="INFO">Opening browser 'chrome' to base url 'None'.</msg>
<status status="PASS" starttime="20230206 16:59:02.411" endtime="20230206 16:59:03.925"/>
</kw>
<kw name="Maximize Browser Window" library="SeleniumLibrary">
<doc>Maximizes current browser window.</doc>
<status status="PASS" starttime="20230206 16:59:03.925" endtime="20230206 16:59:04.061"/>
</kw>
<kw name="Go To" library="SeleniumLibrary">
<arg>url=https://www.starbucks.com/</arg>
<doc>Navigates the current browser window to the provided ``url``.</doc>
<msg timestamp="20230206 16:59:04.063" level="INFO">Opening url 'https://www.starbucks.com/'</msg>
<status status="PASS" starttime="20230206 16:59:04.062" endtime="20230206 16:59:05.544"/>
</kw>
<kw name="Click Element" library="SeleniumLibrary">
<arg>xpath=//a[text()='Menu']</arg>
<doc>Click the element identified by ``locator``.</doc>
<msg timestamp="20230206 16:59:05.547" level="INFO">Clicking element 'xpath=//a[text()='Menu']'.</msg>
<status status="PASS" starttime="20230206 16:59:05.545" endtime="20230206 16:59:13.078"/>
</kw>
<kw name="Click Element" library="SeleniumLibrary">
<arg>xpath=//*[@class='block linkOverlay__primary tile___1wb3i']</arg>
<doc>Click the element identified by ``locator``.</doc>
<msg timestamp="20230206 16:59:13.079" level="INFO">Clicking element 'xpath=//*[@class='block linkOverlay__primary tile___1wb3i']'.</msg>
<status status="PASS" starttime="20230206 16:59:13.078" endtime="20230206 16:59:13.398"/>
</kw>
<kw name="Close Browser" library="SeleniumLibrary" type="TEARDOWN">
<doc>Closes the current browser.</doc>
<status status="PASS" starttime="20230206 16:59:13.401" endtime="20230206 16:59:15.679"/>
</kw>
<status status="PASS" starttime="20230206 16:58:58.686" endtime="20230206 16:59:15.679"/>
</test>
<doc>This file contains test cases related to invalid login</doc>
<status status="PASS" starttime="20230206 16:58:58.423" endtime="20230206 16:59:15.680"/>
</suite>
<statistics>
<total>
<stat pass="1" fail="0" skip="0">All Tests</stat>
</total>
<tag>
</tag>
<suite>
<stat pass="1" fail="0" skip="0" id="s1" name="Menu">Menu</stat>
</suite>
</statistics>
<errors>
<msg timestamp="20230206 16:58:58.686" level="ERROR">[ DataDriver ] Error in robot file:
  File "C:\robot_project\Starbucks_Automation\2_General_Menu\menu.robot", line 0</msg>
<msg timestamp="20230206 16:58:58.686" level="ERROR">Calling method '_start_suite' of listener 'DataDriver' failed: FileNotFoundError: File attribute was empty. Tried to find C:\robot_project\Starbucks_Automation\2_General_Menu\menu.csv but file does not exist. If no file validation is required, set file_search_strategy=None.</msg>
</errors>
</robot>
